{"D:\\Kuliah\\Productzilla\\tugas-7\\src\\__test__\\Contact.tsx": {"path":"D:\\Kuliah\\Productzilla\\tugas-7\\src\\__test__\\Contact.tsx","statementMap":{"0":{"start":{"line":7,"column":0},"end":{"line":34,"column":3}},"1":{"start":{"line":8,"column":2},"end":{"line":19,"column":5}},"2":{"start":{"line":9,"column":4},"end":{"line":13,"column":6}},"3":{"start":{"line":15,"column":4},"end":{"line":15,"column":64}},"4":{"start":{"line":16,"column":4},"end":{"line":16,"column":59}},"5":{"start":{"line":17,"column":4},"end":{"line":17,"column":59}},"6":{"start":{"line":18,"column":4},"end":{"line":18,"column":61}},"7":{"start":{"line":21,"column":2},"end":{"line":33,"column":5}},"8":{"start":{"line":22,"column":4},"end":{"line":26,"column":6}},"9":{"start":{"line":28,"column":22},"end":{"line":30,"column":6}},"10":{"start":{"line":31,"column":4},"end":{"line":31,"column":42}},"11":{"start":{"line":32,"column":4},"end":{"line":32,"column":79}}},"fnMap":{"0":{"name":"(anonymous_0)","decl":{"start":{"line":7,"column":30},"end":{"line":7,"column":31}},"loc":{"start":{"line":7,"column":36},"end":{"line":34,"column":1}},"line":7},"1":{"name":"(anonymous_1)","decl":{"start":{"line":8,"column":58},"end":{"line":8,"column":59}},"loc":{"start":{"line":8,"column":64},"end":{"line":19,"column":3}},"line":8},"2":{"name":"(anonymous_2)","decl":{"start":{"line":21,"column":41},"end":{"line":21,"column":42}},"loc":{"start":{"line":21,"column":47},"end":{"line":33,"column":3}},"line":21}},"branchMap":{},"s":{"0":0,"1":0,"2":0,"3":0,"4":0,"5":0,"6":0,"7":0,"8":0,"9":0,"10":0,"11":0},"f":{"0":0,"1":0,"2":0},"b":{}}
,"D:\\Kuliah\\Productzilla\\tugas-7\\src\\components\\Button.tsx": {"path":"D:\\Kuliah\\Productzilla\\tugas-7\\src\\components\\Button.tsx","statementMap":{"0":{"start":{"line":6,"column":15},"end":{"line":12,"column":1}},"1":{"start":{"line":7,"column":2},"end":{"line":11,"column":4}}},"fnMap":{"0":{"name":"(anonymous_0)","decl":{"start":{"line":6,"column":15},"end":{"line":6,"column":16}},"loc":{"start":{"line":6,"column":48},"end":{"line":12,"column":1}},"line":6}},"branchMap":{},"s":{"0":1,"1":2},"f":{"0":2},"b":{},"_coverageSchema":"1a1c01bbd47fc00a2c39e90264f33305004495a9","hash":"8bfae3fecd675b1d6833c23db67394ee2abc90da"}
,"D:\\Kuliah\\Productzilla\\tugas-7\\src\\components\\Navbar.tsx": {"path":"D:\\Kuliah\\Productzilla\\tugas-7\\src\\components\\Navbar.tsx","statementMap":{"0":{"start":{"line":4,"column":25},"end":{"line":39,"column":1}},"1":{"start":{"line":5,"column":2},"end":{"line":38,"column":4}},"2":{"start":{"line":14,"column":14},"end":{"line":14,"column":72}},"3":{"start":{"line":22,"column":14},"end":{"line":22,"column":72}},"4":{"start":{"line":30,"column":14},"end":{"line":30,"column":72}}},"fnMap":{"0":{"name":"(anonymous_0)","decl":{"start":{"line":4,"column":25},"end":{"line":4,"column":26}},"loc":{"start":{"line":4,"column":31},"end":{"line":39,"column":1}},"line":4},"1":{"name":"(anonymous_1)","decl":{"start":{"line":13,"column":23},"end":{"line":13,"column":24}},"loc":{"start":{"line":14,"column":14},"end":{"line":14,"column":72}},"line":14},"2":{"name":"(anonymous_2)","decl":{"start":{"line":21,"column":23},"end":{"line":21,"column":24}},"loc":{"start":{"line":22,"column":14},"end":{"line":22,"column":72}},"line":22},"3":{"name":"(anonymous_3)","decl":{"start":{"line":29,"column":23},"end":{"line":29,"column":24}},"loc":{"start":{"line":30,"column":14},"end":{"line":30,"column":72}},"line":30}},"branchMap":{"0":{"loc":{"start":{"line":14,"column":14},"end":{"line":14,"column":72}},"type":"cond-expr","locations":[{"start":{"line":14,"column":25},"end":{"line":14,"column":52}},{"start":{"line":14,"column":55},"end":{"line":14,"column":72}}],"line":14},"1":{"loc":{"start":{"line":22,"column":14},"end":{"line":22,"column":72}},"type":"cond-expr","locations":[{"start":{"line":22,"column":25},"end":{"line":22,"column":52}},{"start":{"line":22,"column":55},"end":{"line":22,"column":72}}],"line":22},"2":{"loc":{"start":{"line":30,"column":14},"end":{"line":30,"column":72}},"type":"cond-expr","locations":[{"start":{"line":30,"column":25},"end":{"line":30,"column":52}},{"start":{"line":30,"column":55},"end":{"line":30,"column":72}}],"line":30}},"s":{"0":1,"1":2,"2":2,"3":2,"4":2},"f":{"0":2,"1":2,"2":2,"3":2},"b":{"0":[2,0],"1":[0,2],"2":[0,2]},"_coverageSchema":"1a1c01bbd47fc00a2c39e90264f33305004495a9","hash":"1868a4fb75b5aada19a0bd28e34432aa38448574"}
,"D:\\Kuliah\\Productzilla\\tugas-7\\src\\pages\\About.tsx": {"path":"D:\\Kuliah\\Productzilla\\tugas-7\\src\\pages\\About.tsx","statementMap":{"0":{"start":{"line":3,"column":24},"end":{"line":56,"column":1}},"1":{"start":{"line":4,"column":2},"end":{"line":55,"column":4}}},"fnMap":{"0":{"name":"(anonymous_0)","decl":{"start":{"line":3,"column":24},"end":{"line":3,"column":25}},"loc":{"start":{"line":3,"column":30},"end":{"line":56,"column":1}},"line":3}},"branchMap":{},"s":{"0":1,"1":3},"f":{"0":3},"b":{},"_coverageSchema":"1a1c01bbd47fc00a2c39e90264f33305004495a9","hash":"890437c2a588739e8c5fd1d919f2af7adc70567a"}
,"D:\\Kuliah\\Productzilla\\tugas-7\\src\\pages\\Contact.tsx": {"path":"D:\\Kuliah\\Productzilla\\tugas-7\\src\\pages\\Contact.tsx","statementMap":{"0":{"start":{"line":3,"column":26},"end":{"line":108,"column":1}},"1":{"start":{"line":4,"column":34},"end":{"line":8,"column":4}},"2":{"start":{"line":10,"column":28},"end":{"line":15,"column":3}},"3":{"start":{"line":13,"column":28},"end":{"line":13,"column":36}},"4":{"start":{"line":14,"column":4},"end":{"line":14,"column":48}},"5":{"start":{"line":17,"column":23},"end":{"line":26,"column":3}},"6":{"start":{"line":18,"column":4},"end":{"line":18,"column":23}},"7":{"start":{"line":20,"column":23},"end":{"line":22,"column":57}},"8":{"start":{"line":24,"column":4},"end":{"line":24,"column":38}},"9":{"start":{"line":25,"column":4},"end":{"line":25,"column":54}},"10":{"start":{"line":28,"column":2},"end":{"line":107,"column":4}}},"fnMap":{"0":{"name":"(anonymous_0)","decl":{"start":{"line":3,"column":26},"end":{"line":3,"column":27}},"loc":{"start":{"line":3,"column":32},"end":{"line":108,"column":1}},"line":3},"1":{"name":"(anonymous_1)","decl":{"start":{"line":10,"column":28},"end":{"line":10,"column":29}},"loc":{"start":{"line":12,"column":7},"end":{"line":15,"column":3}},"line":12},"2":{"name":"(anonymous_2)","decl":{"start":{"line":17,"column":23},"end":{"line":17,"column":24}},"loc":{"start":{"line":17,"column":47},"end":{"line":26,"column":3}},"line":17}},"branchMap":{},"s":{"0":0,"1":0,"2":0,"3":0,"4":0,"5":0,"6":0,"7":0,"8":0,"9":0,"10":0},"f":{"0":0,"1":0,"2":0},"b":{}}
,"D:\\Kuliah\\Productzilla\\tugas-7\\src\\pages\\Home.tsx": {"path":"D:\\Kuliah\\Productzilla\\tugas-7\\src\\pages\\Home.tsx","statementMap":{"0":{"start":{"line":4,"column":23},"end":{"line":44,"column":1}},"1":{"start":{"line":5,"column":2},"end":{"line":43,"column":4}}},"fnMap":{"0":{"name":"(anonymous_0)","decl":{"start":{"line":4,"column":23},"end":{"line":4,"column":24}},"loc":{"start":{"line":4,"column":29},"end":{"line":44,"column":1}},"line":4}},"branchMap":{},"s":{"0":1,"1":3},"f":{"0":3},"b":{},"_coverageSchema":"1a1c01bbd47fc00a2c39e90264f33305004495a9","hash":"aa0f8ede71985076a83f962cddd548d5ebacb4e4"}
}
